2026-05-09T11:13:03.073-04:00  INFO 27432 --- [store-service] [main] c.b.s.StoreServiceApplication            : Starting StoreServiceApplication using Java 17.0.7 with PID 27432 (C:\Users\benwa\OneDrive\Desktop\side_projects\ProductRecs\store-service\target\classes started by benwa in C:\Users\benwa\OneDrive\Desktop\side_projects\ProductRecs\store-service)
2026-05-09T11:13:03.094-04:00  INFO 27432 --- [store-service] [main] c.b.s.StoreServiceApplication            : The following 1 profile is active: "dev"
2026-05-09T11:13:06.601-04:00  INFO 27432 --- [store-service] [main] .s.d.r.c.RepositoryConfigurationDelegate : Bootstrapping Spring Data JPA repositories in DEFAULT mode.
2026-05-09T11:13:06.930-04:00  INFO 27432 --- [store-service] [main] .s.d.r.c.RepositoryConfigurationDelegate : Finished Spring Data repository scanning in 267 ms. Found 5 JPA repository interfaces.
2026-05-09T11:13:10.032-04:00  INFO 27432 --- [store-service] [main] o.s.boot.tomcat.TomcatWebServer          : Tomcat initialized with port 8080 (http)
2026-05-09T11:13:10.085-04:00  INFO 27432 --- [store-service] [main] o.apache.catalina.core.StandardService   : Starting service [Tomcat]
2026-05-09T11:13:10.086-04:00  INFO 27432 --- [store-service] [main] o.apache.catalina.core.StandardEngine    : Starting Servlet engine: [Apache Tomcat/11.0.21]
2026-05-09T11:13:10.435-04:00  INFO 27432 --- [store-service] [main] b.w.c.s.WebApplicationContextInitializer : Root WebApplicationContext: initialization completed in 7049 ms
2026-05-09T11:13:11.967-04:00  INFO 27432 --- [store-service] [main] org.hibernate.orm.jpa                    : HHH008540: Processing PersistenceUnitInfo [name: default]
2026-05-09T11:13:12.388-04:00  INFO 27432 --- [store-service] [main] org.hibernate.orm.core                   : HHH000001: Hibernate ORM core version 7.2.12.Final
2026-05-09T11:13:15.611-04:00  INFO 27432 --- [store-service] [main] o.s.o.j.p.SpringPersistenceUnitInfo      : No LoadTimeWeaver setup: ignoring JPA class transformer
2026-05-09T11:13:15.808-04:00  INFO 27432 --- [store-service] [main] com.zaxxer.hikari.HikariDataSource       : HikariPool-1 - Starting...
2026-05-09T11:13:17.103-04:00  INFO 27432 --- [store-service] [main] com.zaxxer.hikari.pool.HikariPool        : HikariPool-1 - Added connection org.postgresql.jdbc.PgConnection@e4b54d3
2026-05-09T11:13:17.110-04:00  INFO 27432 --- [store-service] [main] com.zaxxer.hikari.HikariDataSource       : HikariPool-1 - Start completed.
2026-05-09T11:13:17.656-04:00  INFO 27432 --- [store-service] [main] org.hibernate.orm.connections.pooling    : HHH10001005: Database info:
	Database JDBC URL [jdbc:postgresql://localhost:5432/storeservicedb]
	Database driver: PostgreSQL JDBC Driver
	Database dialect: PostgreSQLDialect
	Database version: 17.0
	Default catalog/schema: storeservicedb/public
	Autocommit mode: undefined/unknown
	Isolation level: READ_COMMITTED [default READ_COMMITTED]
	JDBC fetch size: none
	Pool: DataSourceConnectionProvider
	Minimum pool size: undefined/unknown
	Maximum pool size: undefined/unknown
2026-05-09T11:13:24.076-04:00  INFO 27432 --- [store-service] [main] org.hibernate.orm.core                   : HHH000489: No JTA platform available (set 'hibernate.transaction.jta.platform' to enable JTA platform integration)
2026-05-09T11:13:24.521-04:00  INFO 27432 --- [store-service] [main] j.LocalContainerEntityManagerFactoryBean : Initialized JPA EntityManagerFactory for persistence unit 'default'
2026-05-09T11:13:24.885-04:00  INFO 27432 --- [store-service] [main] o.s.d.j.r.query.QueryEnhancerFactories   : Hibernate is in classpath; If applicable, HQL parser will be used.
2026-05-09T11:13:29.043-04:00  WARN 27432 --- [store-service] [main] JpaBaseConfiguration$JpaWebConfiguration : spring.jpa.open-in-view is enabled by default. Therefore, database queries may be performed during view rendering. Explicitly configure spring.jpa.open-in-view to disable this warning
2026-05-09T11:13:31.021-04:00  INFO 27432 --- [store-service] [main] o.s.boot.tomcat.TomcatWebServer          : Tomcat started on port 8080 (http) with context path '/'
2026-05-09T11:13:31.047-04:00  INFO 27432 --- [store-service] [main] c.b.s.StoreServiceApplication            : Started StoreServiceApplication in 30.38 seconds (process running for 32.575)
2026-05-09T11:31:42.197-04:00  INFO 27432 --- [store-service] [SpringApplicationShutdownHook] o.s.boot.tomcat.GracefulShutdown         : Commencing graceful shutdown. Waiting for active requests to complete
2026-05-09T11:31:42.704-04:00  INFO 27432 --- [store-service] [tomcat-shutdown] o.s.boot.tomcat.GracefulShutdown         : Graceful shutdown complete
2026-05-09T11:31:42.716-04:00  INFO 27432 --- [store-service] [SpringApplicationShutdownHook] j.LocalContainerEntityManagerFactoryBean : Closing JPA EntityManagerFactory for persistence unit 'default'
2026-05-09T11:31:42.742-04:00  INFO 27432 --- [store-service] [SpringApplicationShutdownHook] com.zaxxer.hikari.HikariDataSource       : HikariPool-1 - Shutdown initiated...
2026-05-09T11:31:42.802-04:00  INFO 27432 --- [store-service] [SpringApplicationShutdownHook] com.zaxxer.hikari.HikariDataSource       : HikariPool-1 - Shutdown completed.
2026-05-09T11:31:56.462-04:00  INFO 33424 --- [store-service] [main] c.b.s.StoreServiceApplication            : Starting StoreServiceApplication using Java 17.0.7 with PID 33424 (C:\Users\benwa\OneDrive\Desktop\side_projects\ProductRecs\store-service\target\classes started by benwa in C:\Users\benwa\OneDrive\Desktop\side_projects\ProductRecs\store-service)
2026-05-09T11:31:56.480-04:00  INFO 33424 --- [store-service] [main] c.b.s.StoreServiceApplication            : The following 1 profile is active: "dev"
2026-05-09T11:31:59.741-04:00  INFO 33424 --- [store-service] [main] .s.d.r.c.RepositoryConfigurationDelegate : Bootstrapping Spring Data JPA repositories in DEFAULT mode.
2026-05-09T11:32:00.116-04:00  INFO 33424 --- [store-service] [main] .s.d.r.c.RepositoryConfigurationDelegate : Finished Spring Data repository scanning in 296 ms. Found 5 JPA repository interfaces.
2026-05-09T11:32:03.386-04:00  INFO 33424 --- [store-service] [main] o.s.boot.tomcat.TomcatWebServer          : Tomcat initialized with port 8080 (http)
2026-05-09T11:32:03.451-04:00  INFO 33424 --- [store-service] [main] o.apache.catalina.core.StandardService   : Starting service [Tomcat]
2026-05-09T11:32:03.453-04:00  INFO 33424 --- [store-service] [main] o.apache.catalina.core.StandardEngine    : Starting Servlet engine: [Apache Tomcat/11.0.21]
2026-05-09T11:32:03.773-04:00  INFO 33424 --- [store-service] [main] b.w.c.s.WebApplicationContextInitializer : Root WebApplicationContext: initialization completed in 7029 ms
2026-05-09T11:32:04.833-04:00  INFO 33424 --- [store-service] [main] org.hibernate.orm.jpa                    : HHH008540: Processing PersistenceUnitInfo [name: default]
2026-05-09T11:32:05.346-04:00  INFO 33424 --- [store-service] [main] org.hibernate.orm.core                   : HHH000001: Hibernate ORM core version 7.2.12.Final
2026-05-09T11:32:07.900-04:00  INFO 33424 --- [store-service] [main] o.s.o.j.p.SpringPersistenceUnitInfo      : No LoadTimeWeaver setup: ignoring JPA class transformer
2026-05-09T11:32:08.085-04:00  INFO 33424 --- [store-service] [main] com.zaxxer.hikari.HikariDataSource       : HikariPool-1 - Starting...
2026-05-09T11:32:08.927-04:00  INFO 33424 --- [store-service] [main] com.zaxxer.hikari.pool.HikariPool        : HikariPool-1 - Added connection org.postgresql.jdbc.PgConnection@e706aa
2026-05-09T11:32:08.934-04:00  INFO 33424 --- [store-service] [main] com.zaxxer.hikari.HikariDataSource       : HikariPool-1 - Start completed.
2026-05-09T11:32:09.278-04:00  INFO 33424 --- [store-service] [main] org.hibernate.orm.connections.pooling    : HHH10001005: Database info:
	Database JDBC URL [jdbc:postgresql://localhost:5432/storeservicedb]
	Database driver: PostgreSQL JDBC Driver
	Database dialect: PostgreSQLDialect
	Database version: 17.0
	Default catalog/schema: storeservicedb/public
	Autocommit mode: undefined/unknown
	Isolation level: READ_COMMITTED [default READ_COMMITTED]
	JDBC fetch size: none
	Pool: DataSourceConnectionProvider
	Minimum pool size: undefined/unknown
	Maximum pool size: undefined/unknown
2026-05-09T11:32:12.861-04:00  INFO 33424 --- [store-service] [main] org.hibernate.orm.core                   : HHH000489: No JTA platform available (set 'hibernate.transaction.jta.platform' to enable JTA platform integration)
2026-05-09T11:32:13.171-04:00  INFO 33424 --- [store-service] [main] j.LocalContainerEntityManagerFactoryBean : Initialized JPA EntityManagerFactory for persistence unit 'default'
2026-05-09T11:32:13.431-04:00  INFO 33424 --- [store-service] [main] o.s.d.j.r.query.QueryEnhancerFactories   : Hibernate is in classpath; If applicable, HQL parser will be used.
2026-05-09T11:32:17.209-04:00  WARN 33424 --- [store-service] [main] JpaBaseConfiguration$JpaWebConfiguration : spring.jpa.open-in-view is enabled by default. Therefore, database queries may be performed during view rendering. Explicitly configure spring.jpa.open-in-view to disable this warning
2026-05-09T11:32:19.144-04:00  INFO 33424 --- [store-service] [main] o.s.boot.tomcat.TomcatWebServer          : Tomcat started on port 8080 (http) with context path '/'
2026-05-09T11:32:19.169-04:00  INFO 33424 --- [store-service] [main] c.b.s.StoreServiceApplication            : Started StoreServiceApplication in 24.728 seconds (process running for 26.959)
